debug 2023/11/07 17:56:19  exec: "where avr-gcc": executable file not found in %PATH%
debug 2023/11/07 17:58:45  exec: "echo %PATH%": executable file not found in %PATH%
debug 2023/11/07 18:00:20 c:\Users\Thuan\Downloads\avr8-gnu-toolchain-3.7.0.1796-win32.any.x86_64\avr8-gnu-toolchain-win32_x86_64\bin\avr-gcc.exe
 <nil>
debug 2023/11/07 18:02:31 c:\Users\Thuan\Downloads\avr8-gnu-toolchain-3.7.0.1796-win32.any.x86_64\avr8-gnu-toolchain-win32_x86_64\bin\avr-gcc.exe
 <nil>
debug 2023/11/08 17:36:47 map[avr-gcc:c:\Users\Thuan\Downloads\avr8-gnu-toolchain-3.7.0.1796-win32.any.x86_64\avr8-gnu-toolchain-win32_x86_64\bin\avr-gcc.exe
 include:c:\Users\Thuan\Downloads\avr8-gnu-toolchain-3.7.0.1796-win32.any.x86_64\avr8-gnu-toolchain-win32_x86_64\avr\include]
debug 2023/11/08 17:36:54 {321 -c -std=gnu99 -Os -Wall -ffunction-sections -fdata-sections -mmcu=$(MCU) -DF_CPU=16000000 main -Os -mmcu=$(MCU) -ffunction-sections -fdata-sections -Wl,--gc-sections  123 432}
debug 2023/11/08 17:36:54 {321 -c -std=gnu99 -Os -Wall -ffunction-sections -fdata-sections -mmcu=$(MCU) -DF_CPU=16000000 main -Os -mmcu=$(MCU) -ffunction-sections -fdata-sections -Wl,--gc-sections  123 432}
debug 2023/11/08 17:36:54 {321 -c -std=gnu99 -Os -Wall -ffunction-sections -fdata-sections -mmcu=$(MCU) -DF_CPU=16000000 main -Os -mmcu=$(MCU) -ffunction-sections -fdata-sections -Wl,--gc-sections  123 432}
debug 2023/11/08 17:36:55 {321 -c -std=gnu99 -Os -Wall -ffunction-sections -fdata-sections -mmcu=$(MCU) -DF_CPU=16000000 main -Os -mmcu=$(MCU) -ffunction-sections -fdata-sections -Wl,--gc-sections  123 432}
debug 2023/11/08 17:36:55 {321 -c -std=gnu99 -Os -Wall -ffunction-sections -fdata-sections -mmcu=$(MCU) -DF_CPU=16000000 main -Os -mmcu=$(MCU) -ffunction-sections -fdata-sections -Wl,--gc-sections  123 432}
debug 2023/11/08 17:36:55 {321 -c -std=gnu99 -Os -Wall -ffunction-sections -fdata-sections -mmcu=$(MCU) -DF_CPU=16000000 main -Os -mmcu=$(MCU) -ffunction-sections -fdata-sections -Wl,--gc-sections  123 432}
debug 2023/11/08 17:36:56 {321 -c -std=gnu99 -Os -Wall -ffunction-sections -fdata-sections -mmcu=$(MCU) -DF_CPU=16000000 main -Os -mmcu=$(MCU) -ffunction-sections -fdata-sections -Wl,--gc-sections  123 432}
debug 2023/11/08 17:36:56 {321 -c -std=gnu99 -Os -Wall -ffunction-sections -fdata-sections -mmcu=$(MCU) -DF_CPU=16000000 main -Os -mmcu=$(MCU) -ffunction-sections -fdata-sections -Wl,--gc-sections  123 432}
debug 2023/11/08 17:36:56 {321 -c -std=gnu99 -Os -Wall -ffunction-sections -fdata-sections -mmcu=$(MCU) -DF_CPU=16000000 main -Os -mmcu=$(MCU) -ffunction-sections -fdata-sections -Wl,--gc-sections  123 432}
debug 2023/11/08 17:36:57 {321 -c -std=gnu99 -Os -Wall -ffunction-sections -fdata-sections -mmcu=$(MCU) -DF_CPU=16000000 main -Os -mmcu=$(MCU) -ffunction-sections -fdata-sections -Wl,--gc-sections  123 432}
debug 2023/11/08 17:36:57 {321 -c -std=gnu99 -Os -Wall -ffunction-sections -fdata-sections -mmcu=$(MCU) -DF_CPU=16000000 main -Os -mmcu=$(MCU) -ffunction-sections -fdata-sections -Wl,--gc-sections  123 432}
debug 2023/11/08 17:36:58 {321 -c -std=gnu99 -Os -Wall -ffunction-sections -fdata-sections -mmcu=$(MCU) -DF_CPU=16000000 main -Os -mmcu=$(MCU) -ffunction-sections -fdata-sections -Wl,--gc-sections  123 432}
debug 2023/11/08 17:36:58 {321 -c -std=gnu99 -Os -Wall -ffunction-sections -fdata-sections -mmcu=$(MCU) -DF_CPU=16000000 main -Os -mmcu=$(MCU) -ffunction-sections -fdata-sections -Wl,--gc-sections  123 432}
debug 2023/11/08 17:36:59 {321 -c -std=gnu99 -Os -Wall -ffunction-sections -fdata-sections -mmcu=$(MCU) -DF_CPU=16000000 main -Os -mmcu=$(MCU) -ffunction-sections -fdata-sections -Wl,--gc-sections  123 432}
debug 2023/11/08 17:37:00 {321 -c -std=gnu99 -Os -Wall -ffunction-sections -fdata-sections -mmcu=$(MCU) -DF_CPU=16000000 main -Os -mmcu=$(MCU) -ffunction-sections -fdata-sections -Wl,--gc-sections  123 432}
debug 2023/11/08 17:37:00 {321 -c -std=gnu99 -Os -Wall -ffunction-sections -fdata-sections -mmcu=$(MCU) -DF_CPU=16000000 main -Os -mmcu=$(MCU) -ffunction-sections -fdata-sections -Wl,--gc-sections  123 432}
debug 2023/11/08 17:37:01 {321 -c -std=gnu99 -Os -Wall -ffunction-sections -fdata-sections -mmcu=$(MCU) -DF_CPU=16000000 main -Os -mmcu=$(MCU) -ffunction-sections -fdata-sections -Wl,--gc-sections  123 432}
debug 2023/11/08 17:37:01 {321 -c -std=gnu99 -Os -Wall -ffunction-sections -fdata-sections -mmcu=$(MCU) -DF_CPU=16000000 main -Os -mmcu=$(MCU) -ffunction-sections -fdata-sections -Wl,--gc-sections  123 432}
debug 2023/11/08 17:37:02 {321 -c -std=gnu99 -Os -Wall -ffunction-sections -fdata-sections -mmcu=$(MCU) -DF_CPU=16000000 main -Os -mmcu=$(MCU) -ffunction-sections -fdata-sections -Wl,--gc-sections  123 432}
debug 2023/11/08 17:37:02 {321 -c -std=gnu99 -Os -Wall -ffunction-sections -fdata-sections -mmcu=$(MCU) -DF_CPU=16000000 main -Os -mmcu=$(MCU) -ffunction-sections -fdata-sections -Wl,--gc-sections  123 432}
debug 2023/11/08 17:37:03 {321 -c -std=gnu99 -Os -Wall -ffunction-sections -fdata-sections -mmcu=$(MCU) -DF_CPU=16000000 main -Os -mmcu=$(MCU) -ffunction-sections -fdata-sections -Wl,--gc-sections  123 432}
debug 2023/11/08 17:37:03 {321 -c -std=gnu99 -Os -Wall -ffunction-sections -fdata-sections -mmcu=$(MCU) -DF_CPU=16000000 main -Os -mmcu=$(MCU) -ffunction-sections -fdata-sections -Wl,--gc-sections  123 432}
debug 2023/11/08 17:37:04 {321 -c -std=gnu99 -Os -Wall -ffunction-sections -fdata-sections -mmcu=$(MCU) -DF_CPU=16000000 main -Os -mmcu=$(MCU) -ffunction-sections -fdata-sections -Wl,--gc-sections  123 432}
debug 2023/11/08 17:37:04 {321 -c -std=gnu99 -Os -Wall -ffunction-sections -fdata-sections -mmcu=$(MCU) -DF_CPU=16000000 main -Os -mmcu=$(MCU) -ffunction-sections -fdata-sections -Wl,--gc-sections  123 432}
debug 2023/11/08 17:37:05 {321 -c -std=gnu99 -Os -Wall -ffunction-sections -fdata-sections -mmcu=$(MCU) -DF_CPU=16000000 main -Os -mmcu=$(MCU) -ffunction-sections -fdata-sections -Wl,--gc-sections  123 432}
debug 2023/11/08 17:37:05 {321 -c -std=gnu99 -Os -Wall -ffunction-sections -fdata-sections -mmcu=$(MCU) -DF_CPU=16000000 main -Os -mmcu=$(MCU) -ffunction-sections -fdata-sections -Wl,--gc-sections  123 432}
debug 2023/11/08 17:37:06 {321 -c -std=gnu99 -Os -Wall -ffunction-sections -fdata-sections -mmcu=$(MCU) -DF_CPU=16000000 main -Os -mmcu=$(MCU) -ffunction-sections -fdata-sections -Wl,--gc-sections  123 432}
debug 2023/11/08 17:37:07 {321 -c -std=gnu99 -Os -Wall -ffunction-sections -fdata-sections -mmcu=$(MCU) -DF_CPU=16000000 main -Os -mmcu=$(MCU) -ffunction-sections -fdata-sections -Wl,--gc-sections  123 432}
debug 2023/11/08 17:37:07 {321 -c -std=gnu99 -Os -Wall -ffunction-sections -fdata-sections -mmcu=$(MCU) -DF_CPU=16000000 main -Os -mmcu=$(MCU) -ffunction-sections -fdata-sections -Wl,--gc-sections  123 432}
debug 2023/11/08 17:37:08 {321 -c -std=gnu99 -Os -Wall -ffunction-sections -fdata-sections -mmcu=$(MCU) -DF_CPU=16000000 main -Os -mmcu=$(MCU) -ffunction-sections -fdata-sections -Wl,--gc-sections  123 432}
debug 2023/11/08 17:37:08 {321 -c -std=gnu99 -Os -Wall -ffunction-sections -fdata-sections -mmcu=$(MCU) -DF_CPU=16000000 main -Os -mmcu=$(MCU) -ffunction-sections -fdata-sections -Wl,--gc-sections  123 432}
debug 2023/11/08 17:37:09 {321 -c -std=gnu99 -Os -Wall -ffunction-sections -fdata-sections -mmcu=$(MCU) -DF_CPU=16000000 main -Os -mmcu=$(MCU) -ffunction-sections -fdata-sections -Wl,--gc-sections  123 432}
debug 2023/11/08 17:37:09 {321 -c -std=gnu99 -Os -Wall -ffunction-sections -fdata-sections -mmcu=$(MCU) -DF_CPU=16000000 main -Os -mmcu=$(MCU) -ffunction-sections -fdata-sections -Wl,--gc-sections  123 432}
debug 2023/11/08 17:37:10 {321 -c -std=gnu99 -Os -Wall -ffunction-sections -fdata-sections -mmcu=$(MCU) -DF_CPU=16000000 main -Os -mmcu=$(MCU) -ffunction-sections -fdata-sections -Wl,--gc-sections  123 432}
debug 2023/11/08 17:37:10 {321 -c -std=gnu99 -Os -Wall -ffunction-sections -fdata-sections -mmcu=$(MCU) -DF_CPU=16000000 main -Os -mmcu=$(MCU) -ffunction-sections -fdata-sections -Wl,--gc-sections  123 432}
debug 2023/11/08 17:37:11 {321 -c -std=gnu99 -Os -Wall -ffunction-sections -fdata-sections -mmcu=$(MCU) -DF_CPU=16000000 main -Os -mmcu=$(MCU) -ffunction-sections -fdata-sections -Wl,--gc-sections  123 432}
debug 2023/11/08 17:37:11 {321 -c -std=gnu99 -Os -Wall -ffunction-sections -fdata-sections -mmcu=$(MCU) -DF_CPU=16000000 main -Os -mmcu=$(MCU) -ffunction-sections -fdata-sections -Wl,--gc-sections  123 432}
debug 2023/11/08 17:37:12 {321 -c -std=gnu99 -Os -Wall -ffunction-sections -fdata-sections -mmcu=$(MCU) -DF_CPU=16000000 main -Os -mmcu=$(MCU) -ffunction-sections -fdata-sections -Wl,--gc-sections  123 432}
debug 2023/11/08 17:37:12 {321 -c -std=gnu99 -Os -Wall -ffunction-sections -fdata-sections -mmcu=$(MCU) -DF_CPU=16000000 main -Os -mmcu=$(MCU) -ffunction-sections -fdata-sections -Wl,--gc-sections  123 432}
debug 2023/11/08 17:37:13 {321 -c -std=gnu99 -Os -Wall -ffunction-sections -fdata-sections -mmcu=$(MCU) -DF_CPU=16000000 main -Os -mmcu=$(MCU) -ffunction-sections -fdata-sections -Wl,--gc-sections  123 432}
debug 2023/11/08 17:37:14 {321 -c -std=gnu99 -Os -Wall -ffunction-sections -fdata-sections -mmcu=$(MCU) -DF_CPU=16000000 main -Os -mmcu=$(MCU) -ffunction-sections -fdata-sections -Wl,--gc-sections  123 432}
debug 2023/11/08 17:37:14 {321 -c -std=gnu99 -Os -Wall -ffunction-sections -fdata-sections -mmcu=$(MCU) -DF_CPU=16000000 main -Os -mmcu=$(MCU) -ffunction-sections -fdata-sections -Wl,--gc-sections  123 432}
debug 2023/11/08 17:37:15 {321 -c -std=gnu99 -Os -Wall -ffunction-sections -fdata-sections -mmcu=$(MCU) -DF_CPU=16000000 main -Os -mmcu=$(MCU) -ffunction-sections -fdata-sections -Wl,--gc-sections  123 432}
debug 2023/11/08 17:37:15 {321 -c -std=gnu99 -Os -Wall -ffunction-sections -fdata-sections -mmcu=$(MCU) -DF_CPU=16000000 main -Os -mmcu=$(MCU) -ffunction-sections -fdata-sections -Wl,--gc-sections  123 432}
debug 2023/11/08 17:37:16 {321 -c -std=gnu99 -Os -Wall -ffunction-sections -fdata-sections -mmcu=$(MCU) -DF_CPU=16000000 main -Os -mmcu=$(MCU) -ffunction-sections -fdata-sections -Wl,--gc-sections  123 432}
debug 2023/11/08 17:37:16 {321 -c -std=gnu99 -Os -Wall -ffunction-sections -fdata-sections -mmcu=$(MCU) -DF_CPU=16000000 main -Os -mmcu=$(MCU) -ffunction-sections -fdata-sections -Wl,--gc-sections  123 432}
debug 2023/11/08 17:37:17 {321 -c -std=gnu99 -Os -Wall -ffunction-sections -fdata-sections -mmcu=$(MCU) -DF_CPU=16000000 main -Os -mmcu=$(MCU) -ffunction-sections -fdata-sections -Wl,--gc-sections  123 432}
debug 2023/11/08 17:37:17 {321 -c -std=gnu99 -Os -Wall -ffunction-sections -fdata-sections -mmcu=$(MCU) -DF_CPU=16000000 main -Os -mmcu=$(MCU) -ffunction-sections -fdata-sections -Wl,--gc-sections  123 432}
debug 2023/11/08 17:37:18 {321 -c -std=gnu99 -Os -Wall -ffunction-sections -fdata-sections -mmcu=$(MCU) -DF_CPU=16000000 main -Os -mmcu=$(MCU) -ffunction-sections -fdata-sections -Wl,--gc-sections  123 432}
debug 2023/11/08 17:37:18 {321 -c -std=gnu99 -Os -Wall -ffunction-sections -fdata-sections -mmcu=$(MCU) -DF_CPU=16000000 main -Os -mmcu=$(MCU) -ffunction-sections -fdata-sections -Wl,--gc-sections  123 432}
debug 2023/11/08 17:37:19 {321 -c -std=gnu99 -Os -Wall -ffunction-sections -fdata-sections -mmcu=$(MCU) -DF_CPU=16000000 main -Os -mmcu=$(MCU) -ffunction-sections -fdata-sections -Wl,--gc-sections  123 432}
debug 2023/11/08 17:37:19 {321 -c -std=gnu99 -Os -Wall -ffunction-sections -fdata-sections -mmcu=$(MCU) -DF_CPU=16000000 main -Os -mmcu=$(MCU) -ffunction-sections -fdata-sections -Wl,--gc-sections  123 432}
debug 2023/11/08 17:37:20 {321 -c -std=gnu99 -Os -Wall -ffunction-sections -fdata-sections -mmcu=$(MCU) -DF_CPU=16000000 main -Os -mmcu=$(MCU) -ffunction-sections -fdata-sections -Wl,--gc-sections  123 432}
debug 2023/11/08 17:37:21 {321 -c -std=gnu99 -Os -Wall -ffunction-sections -fdata-sections -mmcu=$(MCU) -DF_CPU=16000000 main -Os -mmcu=$(MCU) -ffunction-sections -fdata-sections -Wl,--gc-sections  123 432}
debug 2023/11/08 17:37:21 {321 -c -std=gnu99 -Os -Wall -ffunction-sections -fdata-sections -mmcu=$(MCU) -DF_CPU=16000000 main -Os -mmcu=$(MCU) -ffunction-sections -fdata-sections -Wl,--gc-sections  123 432}
debug 2023/11/08 17:37:22 {321 -c -std=gnu99 -Os -Wall -ffunction-sections -fdata-sections -mmcu=$(MCU) -DF_CPU=16000000 main -Os -mmcu=$(MCU) -ffunction-sections -fdata-sections -Wl,--gc-sections  123 432}
debug 2023/11/08 17:37:22 {321 -c -std=gnu99 -Os -Wall -ffunction-sections -fdata-sections -mmcu=$(MCU) -DF_CPU=16000000 main -Os -mmcu=$(MCU) -ffunction-sections -fdata-sections -Wl,--gc-sections  123 432}
debug 2023/11/08 17:37:23 {321 -c -std=gnu99 -Os -Wall -ffunction-sections -fdata-sections -mmcu=$(MCU) -DF_CPU=16000000 main -Os -mmcu=$(MCU) -ffunction-sections -fdata-sections -Wl,--gc-sections  123 432}
debug 2023/11/08 17:37:23 {321 -c -std=gnu99 -Os -Wall -ffunction-sections -fdata-sections -mmcu=$(MCU) -DF_CPU=16000000 main -Os -mmcu=$(MCU) -ffunction-sections -fdata-sections -Wl,--gc-sections  123 432}
debug 2023/11/08 17:37:24 {321 -c -std=gnu99 -Os -Wall -ffunction-sections -fdata-sections -mmcu=$(MCU) -DF_CPU=16000000 main -Os -mmcu=$(MCU) -ffunction-sections -fdata-sections -Wl,--gc-sections  123 432}
debug 2023/11/08 17:37:24 {321 -c -std=gnu99 -Os -Wall -ffunction-sections -fdata-sections -mmcu=$(MCU) -DF_CPU=16000000 main -Os -mmcu=$(MCU) -ffunction-sections -fdata-sections -Wl,--gc-sections  123 432}
debug 2023/11/08 17:37:25 {321 -c -std=gnu99 -Os -Wall -ffunction-sections -fdata-sections -mmcu=$(MCU) -DF_CPU=16000000 main -Os -mmcu=$(MCU) -ffunction-sections -fdata-sections -Wl,--gc-sections  123 432}
debug 2023/11/08 17:37:25 {321 -c -std=gnu99 -Os -Wall -ffunction-sections -fdata-sections -mmcu=$(MCU) -DF_CPU=16000000 main -Os -mmcu=$(MCU) -ffunction-sections -fdata-sections -Wl,--gc-sections  123 432}
debug 2023/11/08 17:37:26 {321 -c -std=gnu99 -Os -Wall -ffunction-sections -fdata-sections -mmcu=$(MCU) -DF_CPU=16000000 main -Os -mmcu=$(MCU) -ffunction-sections -fdata-sections -Wl,--gc-sections  123 432}
debug 2023/11/08 17:37:26 {321 -c -std=gnu99 -Os -Wall -ffunction-sections -fdata-sections -mmcu=$(MCU) -DF_CPU=16000000 main -Os -mmcu=$(MCU) -ffunction-sections -fdata-sections -Wl,--gc-sections  123 432}
debug 2023/11/08 17:37:27 {321 -c -std=gnu99 -Os -Wall -ffunction-sections -fdata-sections -mmcu=$(MCU) -DF_CPU=16000000 main -Os -mmcu=$(MCU) -ffunction-sections -fdata-sections -Wl,--gc-sections  123 432}
debug 2023/11/08 17:37:28 {321 -c -std=gnu99 -Os -Wall -ffunction-sections -fdata-sections -mmcu=$(MCU) -DF_CPU=16000000 main -Os -mmcu=$(MCU) -ffunction-sections -fdata-sections -Wl,--gc-sections  123 432}
debug 2023/11/08 17:37:28 {321 -c -std=gnu99 -Os -Wall -ffunction-sections -fdata-sections -mmcu=$(MCU) -DF_CPU=16000000 main -Os -mmcu=$(MCU) -ffunction-sections -fdata-sections -Wl,--gc-sections  123 432}
debug 2023/11/08 17:37:29 {321 -c -std=gnu99 -Os -Wall -ffunction-sections -fdata-sections -mmcu=$(MCU) -DF_CPU=16000000 main -Os -mmcu=$(MCU) -ffunction-sections -fdata-sections -Wl,--gc-sections  123 432}
debug 2023/11/08 17:37:29 {321 -c -std=gnu99 -Os -Wall -ffunction-sections -fdata-sections -mmcu=$(MCU) -DF_CPU=16000000 main -Os -mmcu=$(MCU) -ffunction-sections -fdata-sections -Wl,--gc-sections  123 432}
debug 2023/11/08 17:37:30 {321 -c -std=gnu99 -Os -Wall -ffunction-sections -fdata-sections -mmcu=$(MCU) -DF_CPU=16000000 main -Os -mmcu=$(MCU) -ffunction-sections -fdata-sections -Wl,--gc-sections  123 432}
debug 2023/11/08 17:37:30 {321 -c -std=gnu99 -Os -Wall -ffunction-sections -fdata-sections -mmcu=$(MCU) -DF_CPU=16000000 main -Os -mmcu=$(MCU) -ffunction-sections -fdata-sections -Wl,--gc-sections  123 432}
debug 2023/11/08 17:37:31 {321 -c -std=gnu99 -Os -Wall -ffunction-sections -fdata-sections -mmcu=$(MCU) -DF_CPU=16000000 main -Os -mmcu=$(MCU) -ffunction-sections -fdata-sections -Wl,--gc-sections  123 432}
debug 2023/11/08 17:37:31 {321 -c -std=gnu99 -Os -Wall -ffunction-sections -fdata-sections -mmcu=$(MCU) -DF_CPU=16000000 main -Os -mmcu=$(MCU) -ffunction-sections -fdata-sections -Wl,--gc-sections  123 432}
debug 2023/11/08 17:37:32 {321 -c -std=gnu99 -Os -Wall -ffunction-sections -fdata-sections -mmcu=$(MCU) -DF_CPU=16000000 main -Os -mmcu=$(MCU) -ffunction-sections -fdata-sections -Wl,--gc-sections  123 432}
debug 2023/11/08 17:37:32 {321 -c -std=gnu99 -Os -Wall -ffunction-sections -fdata-sections -mmcu=$(MCU) -DF_CPU=16000000 main -Os -mmcu=$(MCU) -ffunction-sections -fdata-sections -Wl,--gc-sections  123 432}
debug 2023/11/08 17:37:33 {321 -c -std=gnu99 -Os -Wall -ffunction-sections -fdata-sections -mmcu=$(MCU) -DF_CPU=16000000 main -Os -mmcu=$(MCU) -ffunction-sections -fdata-sections -Wl,--gc-sections  123 432}
debug 2023/11/08 17:37:33 {321 -c -std=gnu99 -Os -Wall -ffunction-sections -fdata-sections -mmcu=$(MCU) -DF_CPU=16000000 main -Os -mmcu=$(MCU) -ffunction-sections -fdata-sections -Wl,--gc-sections  123 432}
debug 2023/11/08 17:37:34 {321 -c -std=gnu99 -Os -Wall -ffunction-sections -fdata-sections -mmcu=$(MCU) -DF_CPU=16000000 main -Os -mmcu=$(MCU) -ffunction-sections -fdata-sections -Wl,--gc-sections  123 432}
debug 2023/11/08 17:37:35 {321 -c -std=gnu99 -Os -Wall -ffunction-sections -fdata-sections -mmcu=$(MCU) -DF_CPU=16000000 main -Os -mmcu=$(MCU) -ffunction-sections -fdata-sections -Wl,--gc-sections  123 432}
debug 2023/11/08 17:37:35 {321 -c -std=gnu99 -Os -Wall -ffunction-sections -fdata-sections -mmcu=$(MCU) -DF_CPU=16000000 main -Os -mmcu=$(MCU) -ffunction-sections -fdata-sections -Wl,--gc-sections  123 432}
debug 2023/11/08 17:37:36 {321 -c -std=gnu99 -Os -Wall -ffunction-sections -fdata-sections -mmcu=$(MCU) -DF_CPU=16000000 main -Os -mmcu=$(MCU) -ffunction-sections -fdata-sections -Wl,--gc-sections  123 432}
debug 2023/11/08 17:37:36 {321 -c -std=gnu99 -Os -Wall -ffunction-sections -fdata-sections -mmcu=$(MCU) -DF_CPU=16000000 main -Os -mmcu=$(MCU) -ffunction-sections -fdata-sections -Wl,--gc-sections  123 432}
debug 2023/11/08 17:37:37 {321 -c -std=gnu99 -Os -Wall -ffunction-sections -fdata-sections -mmcu=$(MCU) -DF_CPU=16000000 main -Os -mmcu=$(MCU) -ffunction-sections -fdata-sections -Wl,--gc-sections  123 432}
debug 2023/11/08 17:37:37 {321 -c -std=gnu99 -Os -Wall -ffunction-sections -fdata-sections -mmcu=$(MCU) -DF_CPU=16000000 main -Os -mmcu=$(MCU) -ffunction-sections -fdata-sections -Wl,--gc-sections  123 432}
debug 2023/11/08 17:37:38 {321 -c -std=gnu99 -Os -Wall -ffunction-sections -fdata-sections -mmcu=$(MCU) -DF_CPU=16000000 main -Os -mmcu=$(MCU) -ffunction-sections -fdata-sections -Wl,--gc-sections  123 432}
debug 2023/11/08 17:37:38 {321 -c -std=gnu99 -Os -Wall -ffunction-sections -fdata-sections -mmcu=$(MCU) -DF_CPU=16000000 main -Os -mmcu=$(MCU) -ffunction-sections -fdata-sections -Wl,--gc-sections  123 432}
debug 2023/11/08 17:37:39 {321 -c -std=gnu99 -Os -Wall -ffunction-sections -fdata-sections -mmcu=$(MCU) -DF_CPU=16000000 main -Os -mmcu=$(MCU) -ffunction-sections -fdata-sections -Wl,--gc-sections  123 432}
debug 2023/11/08 17:37:39 {321 -c -std=gnu99 -Os -Wall -ffunction-sections -fdata-sections -mmcu=$(MCU) -DF_CPU=16000000 main -Os -mmcu=$(MCU) -ffunction-sections -fdata-sections -Wl,--gc-sections  123 432}
debug 2023/11/08 17:37:40 {321 -c -std=gnu99 -Os -Wall -ffunction-sections -fdata-sections -mmcu=$(MCU) -DF_CPU=16000000 main -Os -mmcu=$(MCU) -ffunction-sections -fdata-sections -Wl,--gc-sections  123 432}
debug 2023/11/08 17:37:40 {321 -c -std=gnu99 -Os -Wall -ffunction-sections -fdata-sections -mmcu=$(MCU) -DF_CPU=16000000 main -Os -mmcu=$(MCU) -ffunction-sections -fdata-sections -Wl,--gc-sections  123 432}
debug 2023/11/08 17:37:41 {321 -c -std=gnu99 -Os -Wall -ffunction-sections -fdata-sections -mmcu=$(MCU) -DF_CPU=16000000 main -Os -mmcu=$(MCU) -ffunction-sections -fdata-sections -Wl,--gc-sections  123 432}
debug 2023/11/08 17:37:42 {321 -c -std=gnu99 -Os -Wall -ffunction-sections -fdata-sections -mmcu=$(MCU) -DF_CPU=16000000 main -Os -mmcu=$(MCU) -ffunction-sections -fdata-sections -Wl,--gc-sections  123 432}
debug 2023/11/08 17:37:42 {321 -c -std=gnu99 -Os -Wall -ffunction-sections -fdata-sections -mmcu=$(MCU) -DF_CPU=16000000 main -Os -mmcu=$(MCU) -ffunction-sections -fdata-sections -Wl,--gc-sections  123 432}
debug 2023/11/08 17:37:43 {321 -c -std=gnu99 -Os -Wall -ffunction-sections -fdata-sections -mmcu=$(MCU) -DF_CPU=16000000 main -Os -mmcu=$(MCU) -ffunction-sections -fdata-sections -Wl,--gc-sections  123 432}
debug 2023/11/08 17:37:43 {321 -c -std=gnu99 -Os -Wall -ffunction-sections -fdata-sections -mmcu=$(MCU) -DF_CPU=16000000 main -Os -mmcu=$(MCU) -ffunction-sections -fdata-sections -Wl,--gc-sections  123 432}
debug 2023/11/08 17:37:44 {321 -c -std=gnu99 -Os -Wall -ffunction-sections -fdata-sections -mmcu=$(MCU) -DF_CPU=16000000 main -Os -mmcu=$(MCU) -ffunction-sections -fdata-sections -Wl,--gc-sections  123 432}
debug 2023/11/08 17:37:44 {321 -c -std=gnu99 -Os -Wall -ffunction-sections -fdata-sections -mmcu=$(MCU) -DF_CPU=16000000 main -Os -mmcu=$(MCU) -ffunction-sections -fdata-sections -Wl,--gc-sections  123 432}
debug 2023/11/08 17:37:44 {321 -c -std=gnu99 -Os -Wall -ffunction-sections -fdata-sections -mmcu=$(MCU) -DF_CPU=16000000 main -Os -mmcu=$(MCU) -ffunction-sections -fdata-sections -Wl,--gc-sections  123 432}
debug 2023/11/08 18:18:18 map[avr-gcc:c:\Users\Thuan\Downloads\avr8-gnu-toolchain-3.7.0.1796-win32.any.x86_64\avr8-gnu-toolchain-win32_x86_64\bin\avr-gcc.exe
 include:c:\Users\Thuan\Downloads\avr8-gnu-toolchain-3.7.0.1796-win32.any.x86_64\avr8-gnu-toolchain-win32_x86_64\avr\include]
